<?xml version="1.0" encoding="UTF-8"?>
<testsuite xmlns:xsi="http://www.w3.org/2001/XMLSchema-instance" xsi:noNamespaceSchemaLocation="https://maven.apache.org/surefire/maven-surefire-plugin/xsd/surefire-test-report.xsd" name="testpackage.TestApiRunner" time="0.512" tests="1" errors="0" skipped="0" failures="1">
  <properties>
    <property name="sun.desktop" value="windows"/>
    <property name="awt.toolkit" value="sun.awt.windows.WToolkit"/>
    <property name="file.encoding.pkg" value="sun.io"/>
    <property name="java.specification.version" value="1.8"/>
    <property name="sun.cpu.isalist" value="amd64"/>
    <property name="sun.jnu.encoding" value="Cp1252"/>
    <property name="java.class.path" value="C:\Automation\Karate_BDD\RestAPI_KarateBDD\target\test-classes;C:\Automation\Karate_BDD\RestAPI_KarateBDD\target\classes;C:\Users\praveen\.m2\repository\com\intuit\karate\karate-apache\0.9.6\karate-apache-0.9.6.jar;C:\Users\praveen\.m2\repository\com\intuit\karate\karate-core\0.9.6\karate-core-0.9.6.jar;C:\Users\praveen\.m2\repository\com\jayway\jsonpath\json-path\2.4.0\json-path-2.4.0.jar;C:\Users\praveen\.m2\repository\net\minidev\json-smart\2.3\json-smart-2.3.jar;C:\Users\praveen\.m2\repository\net\minidev\accessors-smart\1.2\accessors-smart-1.2.jar;C:\Users\praveen\.m2\repository\org\ow2\asm\asm\5.0.4\asm-5.0.4.jar;C:\Users\praveen\.m2\repository\info\cukes\cucumber-java\1.2.5\cucumber-java-1.2.5.jar;C:\Users\praveen\.m2\repository\info\cukes\cucumber-core\1.2.5\cucumber-core-1.2.5.jar;C:\Users\praveen\.m2\repository\org\yaml\snakeyaml\1.24\snakeyaml-1.24.jar;C:\Users\praveen\.m2\repository\de\siegmar\fastcsv\1.0.3\fastcsv-1.0.3.jar;C:\Users\praveen\.m2\repository\info\picocli\picocli\4.0.3\picocli-4.0.3.jar;C:\Users\praveen\.m2\repository\org\apache\httpcomponents\httpclient\4.5.12\httpclient-4.5.12.jar;C:\Users\praveen\.m2\repository\org\apache\httpcomponents\httpcore\4.4.13\httpcore-4.4.13.jar;C:\Users\praveen\.m2\repository\commons-codec\commons-codec\1.11\commons-codec-1.11.jar;C:\Users\praveen\.m2\repository\org\apache\httpcomponents\httpmime\4.5.12\httpmime-4.5.12.jar;C:\Users\praveen\.m2\repository\org\slf4j\jcl-over-slf4j\1.7.25\jcl-over-slf4j-1.7.25.jar;C:\Users\praveen\.m2\repository\org\slf4j\slf4j-api\1.7.25\slf4j-api-1.7.25.jar;C:\Users\praveen\.m2\repository\ch\qos\logback\logback-classic\1.2.3\logback-classic-1.2.3.jar;C:\Users\praveen\.m2\repository\ch\qos\logback\logback-core\1.2.3\logback-core-1.2.3.jar;C:\Users\praveen\.m2\repository\com\intuit\karate\karate-junit5\0.9.6\karate-junit5-0.9.6.jar;C:\Users\praveen\.m2\repository\org\junit\jupiter\junit-jupiter-api\5.5.0\junit-jupiter-api-5.5.0.jar;C:\Users\praveen\.m2\repository\org\opentest4j\opentest4j\1.2.0\opentest4j-1.2.0.jar;C:\Users\praveen\.m2\repository\org\junit\platform\junit-platform-commons\1.5.0\junit-platform-commons-1.5.0.jar;C:\Users\praveen\.m2\repository\net\masterthought\cucumber-reporting\3.8.0\cucumber-reporting-3.8.0.jar;C:\Users\praveen\.m2\repository\org\apache\logging\log4j\log4j-api\2.6\log4j-api-2.6.jar;C:\Users\praveen\.m2\repository\org\apache\logging\log4j\log4j-core\2.6\log4j-core-2.6.jar;C:\Users\praveen\.m2\repository\com\fasterxml\jackson\core\jackson-databind\2.8.5\jackson-databind-2.8.5.jar;C:\Users\praveen\.m2\repository\com\fasterxml\jackson\core\jackson-annotations\2.8.0\jackson-annotations-2.8.0.jar;C:\Users\praveen\.m2\repository\com\fasterxml\jackson\core\jackson-core\2.8.5\jackson-core-2.8.5.jar;C:\Users\praveen\.m2\repository\org\apache\velocity\velocity\1.7\velocity-1.7.jar;C:\Users\praveen\.m2\repository\commons-collections\commons-collections\3.2.1\commons-collections-3.2.1.jar;C:\Users\praveen\.m2\repository\commons-lang\commons-lang\2.4\commons-lang-2.4.jar;C:\Users\praveen\.m2\repository\velocity-tools\velocity-tools\1.4\velocity-tools-1.4.jar;C:\Users\praveen\.m2\repository\joda-time\joda-time\2.9.6\joda-time-2.9.6.jar;C:\Users\praveen\.m2\repository\org\apache\commons\commons-lang3\3.5\commons-lang3-3.5.jar;C:\Users\praveen\.m2\repository\commons-io\commons-io\2.5\commons-io-2.5.jar;C:\Users\praveen\.m2\repository\net\lingala\zip4j\zip4j\1.3.2\zip4j-1.3.2.jar;C:\Users\praveen\.m2\repository\org\codehaus\plexus\plexus-utils\3.0.24\plexus-utils-3.0.24.jar;C:\Users\praveen\.m2\repository\org\jsoup\jsoup\1.10.1\jsoup-1.10.1.jar;C:\Users\praveen\.m2\repository\com\googlecode\owasp-java-html-sanitizer\owasp-java-html-sanitizer\20160924.1\owasp-java-html-sanitizer-20160924.1.jar;C:\Users\praveen\.m2\repository\com\google\guava\guava\20.0\guava-20.0.jar;C:\Users\praveen\.m2\repository\org\junit\jupiter\junit-jupiter-engine\5.4.0\junit-jupiter-engine-5.4.0.jar;C:\Users\praveen\.m2\repository\org\apiguardian\apiguardian-api\1.0.0\apiguardian-api-1.0.0.jar;C:\Users\praveen\.m2\repository\org\junit\platform\junit-platform-engine\1.4.0\junit-platform-engine-1.4.0.jar;"/>
    <property name="java.vm.vendor" value="Oracle Corporation"/>
    <property name="sun.arch.data.model" value="64"/>
    <property name="user.variant" value=""/>
    <property name="java.vendor.url" value="http://java.oracle.com/"/>
    <property name="user.timezone" value="Europe/London"/>
    <property name="java.vm.specification.version" value="1.8"/>
    <property name="os.name" value="Windows 10"/>
    <property name="user.country" value="US"/>
    <property name="sun.java.launcher" value="SUN_STANDARD"/>
    <property name="sun.boot.library.path" value="C:\Program Files\Java\jdk1.8.0_251\jre\bin"/>
    <property name="sun.java.command" value="C:\Users\praveen\AppData\Local\Temp\surefire1611582239806497965\surefirebooter6373422098968389990.jar C:\Users\praveen\AppData\Local\Temp\surefire1611582239806497965 2020-11-05T19-27-32_311-jvmRun1 surefire1001725214212500892tmp surefire_08209912044927180044tmp"/>
    <property name="surefire.test.class.path" value="C:\Automation\Karate_BDD\RestAPI_KarateBDD\target\test-classes;C:\Automation\Karate_BDD\RestAPI_KarateBDD\target\classes;C:\Users\praveen\.m2\repository\com\intuit\karate\karate-apache\0.9.6\karate-apache-0.9.6.jar;C:\Users\praveen\.m2\repository\com\intuit\karate\karate-core\0.9.6\karate-core-0.9.6.jar;C:\Users\praveen\.m2\repository\com\jayway\jsonpath\json-path\2.4.0\json-path-2.4.0.jar;C:\Users\praveen\.m2\repository\net\minidev\json-smart\2.3\json-smart-2.3.jar;C:\Users\praveen\.m2\repository\net\minidev\accessors-smart\1.2\accessors-smart-1.2.jar;C:\Users\praveen\.m2\repository\org\ow2\asm\asm\5.0.4\asm-5.0.4.jar;C:\Users\praveen\.m2\repository\info\cukes\cucumber-java\1.2.5\cucumber-java-1.2.5.jar;C:\Users\praveen\.m2\repository\info\cukes\cucumber-core\1.2.5\cucumber-core-1.2.5.jar;C:\Users\praveen\.m2\repository\org\yaml\snakeyaml\1.24\snakeyaml-1.24.jar;C:\Users\praveen\.m2\repository\de\siegmar\fastcsv\1.0.3\fastcsv-1.0.3.jar;C:\Users\praveen\.m2\repository\info\picocli\picocli\4.0.3\picocli-4.0.3.jar;C:\Users\praveen\.m2\repository\org\apache\httpcomponents\httpclient\4.5.12\httpclient-4.5.12.jar;C:\Users\praveen\.m2\repository\org\apache\httpcomponents\httpcore\4.4.13\httpcore-4.4.13.jar;C:\Users\praveen\.m2\repository\commons-codec\commons-codec\1.11\commons-codec-1.11.jar;C:\Users\praveen\.m2\repository\org\apache\httpcomponents\httpmime\4.5.12\httpmime-4.5.12.jar;C:\Users\praveen\.m2\repository\org\slf4j\jcl-over-slf4j\1.7.25\jcl-over-slf4j-1.7.25.jar;C:\Users\praveen\.m2\repository\org\slf4j\slf4j-api\1.7.25\slf4j-api-1.7.25.jar;C:\Users\praveen\.m2\repository\ch\qos\logback\logback-classic\1.2.3\logback-classic-1.2.3.jar;C:\Users\praveen\.m2\repository\ch\qos\logback\logback-core\1.2.3\logback-core-1.2.3.jar;C:\Users\praveen\.m2\repository\com\intuit\karate\karate-junit5\0.9.6\karate-junit5-0.9.6.jar;C:\Users\praveen\.m2\repository\org\junit\jupiter\junit-jupiter-api\5.5.0\junit-jupiter-api-5.5.0.jar;C:\Users\praveen\.m2\repository\org\opentest4j\opentest4j\1.2.0\opentest4j-1.2.0.jar;C:\Users\praveen\.m2\repository\org\junit\platform\junit-platform-commons\1.5.0\junit-platform-commons-1.5.0.jar;C:\Users\praveen\.m2\repository\net\masterthought\cucumber-reporting\3.8.0\cucumber-reporting-3.8.0.jar;C:\Users\praveen\.m2\repository\org\apache\logging\log4j\log4j-api\2.6\log4j-api-2.6.jar;C:\Users\praveen\.m2\repository\org\apache\logging\log4j\log4j-core\2.6\log4j-core-2.6.jar;C:\Users\praveen\.m2\repository\com\fasterxml\jackson\core\jackson-databind\2.8.5\jackson-databind-2.8.5.jar;C:\Users\praveen\.m2\repository\com\fasterxml\jackson\core\jackson-annotations\2.8.0\jackson-annotations-2.8.0.jar;C:\Users\praveen\.m2\repository\com\fasterxml\jackson\core\jackson-core\2.8.5\jackson-core-2.8.5.jar;C:\Users\praveen\.m2\repository\org\apache\velocity\velocity\1.7\velocity-1.7.jar;C:\Users\praveen\.m2\repository\commons-collections\commons-collections\3.2.1\commons-collections-3.2.1.jar;C:\Users\praveen\.m2\repository\commons-lang\commons-lang\2.4\commons-lang-2.4.jar;C:\Users\praveen\.m2\repository\velocity-tools\velocity-tools\1.4\velocity-tools-1.4.jar;C:\Users\praveen\.m2\repository\joda-time\joda-time\2.9.6\joda-time-2.9.6.jar;C:\Users\praveen\.m2\repository\org\apache\commons\commons-lang3\3.5\commons-lang3-3.5.jar;C:\Users\praveen\.m2\repository\commons-io\commons-io\2.5\commons-io-2.5.jar;C:\Users\praveen\.m2\repository\net\lingala\zip4j\zip4j\1.3.2\zip4j-1.3.2.jar;C:\Users\praveen\.m2\repository\org\codehaus\plexus\plexus-utils\3.0.24\plexus-utils-3.0.24.jar;C:\Users\praveen\.m2\repository\org\jsoup\jsoup\1.10.1\jsoup-1.10.1.jar;C:\Users\praveen\.m2\repository\com\googlecode\owasp-java-html-sanitizer\owasp-java-html-sanitizer\20160924.1\owasp-java-html-sanitizer-20160924.1.jar;C:\Users\praveen\.m2\repository\com\google\guava\guava\20.0\guava-20.0.jar;C:\Users\praveen\.m2\repository\org\junit\jupiter\junit-jupiter-engine\5.4.0\junit-jupiter-engine-5.4.0.jar;C:\Users\praveen\.m2\repository\org\apiguardian\apiguardian-api\1.0.0\apiguardian-api-1.0.0.jar;C:\Users\praveen\.m2\repository\org\junit\platform\junit-platform-engine\1.4.0\junit-platform-engine-1.4.0.jar;"/>
    <property name="sun.cpu.endian" value="little"/>
    <property name="user.home" value="C:\Users\praveen"/>
    <property name="user.language" value="en"/>
    <property name="java.specification.vendor" value="Oracle Corporation"/>
    <property name="java.home" value="C:\Program Files\Java\jdk1.8.0_251\jre"/>
    <property name="basedir" value="C:\Automation\Karate_BDD\RestAPI_KarateBDD"/>
    <property name="file.separator" value="\"/>
    <property name="line.separator" value="&#10;"/>
    <property name="java.vm.specification.vendor" value="Oracle Corporation"/>
    <property name="java.specification.name" value="Java Platform API Specification"/>
    <property name="java.awt.graphicsenv" value="sun.awt.Win32GraphicsEnvironment"/>
    <property name="surefire.real.class.path" value="C:\Users\praveen\AppData\Local\Temp\surefire1611582239806497965\surefirebooter6373422098968389990.jar"/>
    <property name="sun.boot.class.path" value="C:\Program Files\Java\jdk1.8.0_251\jre\lib\resources.jar;C:\Program Files\Java\jdk1.8.0_251\jre\lib\rt.jar;C:\Program Files\Java\jdk1.8.0_251\jre\lib\sunrsasign.jar;C:\Program Files\Java\jdk1.8.0_251\jre\lib\jsse.jar;C:\Program Files\Java\jdk1.8.0_251\jre\lib\jce.jar;C:\Program Files\Java\jdk1.8.0_251\jre\lib\charsets.jar;C:\Program Files\Java\jdk1.8.0_251\jre\lib\jfr.jar;C:\Program Files\Java\jdk1.8.0_251\jre\classes"/>
    <property name="user.script" value=""/>
    <property name="sun.management.compiler" value="HotSpot 64-Bit Tiered Compilers"/>
    <property name="java.runtime.version" value="1.8.0_251-b08"/>
    <property name="user.name" value="praveen"/>
    <property name="path.separator" value=";"/>
    <property name="os.version" value="10.0"/>
    <property name="java.endorsed.dirs" value="C:\Program Files\Java\jdk1.8.0_251\jre\lib\endorsed"/>
    <property name="java.runtime.name" value="Java(TM) SE Runtime Environment"/>
    <property name="file.encoding" value="Cp1252"/>
    <property name="java.vm.name" value="Java HotSpot(TM) 64-Bit Server VM"/>
    <property name="localRepository" value="C:\Users\praveen\.m2\repository"/>
    <property name="java.vendor.url.bug" value="http://bugreport.sun.com/bugreport/"/>
    <property name="java.io.tmpdir" value="C:\Users\praveen\AppData\Local\Temp\"/>
    <property name="java.version" value="1.8.0_251"/>
    <property name="user.dir" value="C:\Automation\Karate_BDD\RestAPI_KarateBDD"/>
    <property name="os.arch" value="amd64"/>
    <property name="java.vm.specification.name" value="Java Virtual Machine Specification"/>
    <property name="java.awt.printerjob" value="sun.awt.windows.WPrinterJob"/>
    <property name="sun.os.patch.level" value=""/>
    <property name="java.library.path" value="C:\Program Files\Java\jdk1.8.0_251\jre\bin;C:\WINDOWS\Sun\Java\bin;C:\WINDOWS\system32;C:\WINDOWS;C:\Python38\Scripts\;C:\Python38\;C:\Program Files\Python37\Scripts\;C:\Program Files\Python37\;C:\Program Files (x86)\Intel\Intel(R) Management Engine Components\iCLS\;C:\Program Files\Intel\Intel(R) Management Engine Components\iCLS\;C:\WINDOWS\system32;C:\WINDOWS;C:\WINDOWS\System32\Wbem;C:\WINDOWS\System32\WindowsPowerShell\v1.0\;C:\WINDOWS\System32\OpenSSH\;C:\Program Files (x86)\Intel\Intel(R) Management Engine Components\DAL;C:\Program Files\Intel\Intel(R) Management Engine Components\DAL;C:\Program Files (x86)\Intel\Intel(R) Management Engine Components\IPT;C:\Program Files\Intel\Intel(R) Management Engine Components\IPT;C:\Program Files\Java\jdk-11.0.2\bin;C:\Program Files\Git\cmd;C:\Program Files\dotnet\;C:\Program Files\Microsoft SQL Server\130\Tools\Binn\;C:\Program Files\Microsoft VS Code\bin;C:\Maven\bin;C:\Program Files\nodejs\;C:\ProgramData\chocolatey\bin;C:\Program Files\Java\jdk1.8.0_251\bin;C:\Users\praveen\AppData\Local\Microsoft\WindowsApps;C:\Users\praveen\.dotnet\tools;C:\Users\praveen\AppData\Roaming\npm;C:\Users\praveen\.dotnet\tools;C:\Users\praveen\AppData\Local\Microsoft\WindowsApps;;."/>
    <property name="java.vm.info" value="mixed mode"/>
    <property name="java.vendor" value="Oracle Corporation"/>
    <property name="java.vm.version" value="25.251-b08"/>
    <property name="java.ext.dirs" value="C:\Program Files\Java\jdk1.8.0_251\jre\lib\ext;C:\WINDOWS\Sun\Java\lib\ext"/>
    <property name="sun.io.unicode.encoding" value="UnicodeLittle"/>
    <property name="java.class.version" value="52.0"/>
  </properties>
  <testcase name="testParallel" classname="testpackage.TestApiRunner" time="0.512">
    <failure message="failed features:&#10;testpackage.testapi: testapi.feature:12 - &#10;javax.net.ssl.SSLHandshakeException: Received fatal alert: handshake_failure&#10;testapi.feature:27 - &#10;javax.net.ssl.SSLHandshakeException: Received fatal alert: handshake_failure&#10;testapi.feature:38 - &#10;javax.net.ssl.SSLHandshakeException: Received fatal alert: handshake_failure&#10;testapi.feature:45 - &#10;javax.net.ssl.SSLHandshakeException: Received fatal alert: handshake_failure&#10;testapi.feature:53 - &#10;javax.net.ssl.SSLHandshakeException: Received fatal alert: handshake_failure&#10; ==&gt; expected: &lt;true&gt; but was: &lt;false&gt;" type="org.opentest4j.AssertionFailedError"><![CDATA[org.opentest4j.AssertionFailedError: 
failed features:
testpackage.testapi: testapi.feature:12 - 
javax.net.ssl.SSLHandshakeException: Received fatal alert: handshake_failure
testapi.feature:27 - 
javax.net.ssl.SSLHandshakeException: Received fatal alert: handshake_failure
testapi.feature:38 - 
javax.net.ssl.SSLHandshakeException: Received fatal alert: handshake_failure
testapi.feature:45 - 
javax.net.ssl.SSLHandshakeException: Received fatal alert: handshake_failure
testapi.feature:53 - 
javax.net.ssl.SSLHandshakeException: Received fatal alert: handshake_failure
 ==> expected: <true> but was: <false>
	at testpackage.TestApiRunner.testParallel(TestApiRunner.java:30)
]]></failure>
    <system-out><![CDATA[19:27:37.090 [main] INFO  com.intuit.karate.Runner - waiting for parallel features to complete ...
19:27:37.138 [ForkJoinPool-1-worker-1] INFO  com.intuit.karate - karate.env system property was: dev 
19:27:37.146 [ForkJoinPool-1-worker-1] INFO  com.intuit.karate - [print] {
  "uuid": 60714272-534c-4cd8-bef2-ee365fe839bc
}

19:27:37.170 [ForkJoinPool-1-worker-1] DEBUG com.intuit.karate - request:
1 > GET https://reqres.in/api/users/2
1 > Accept-Encoding: gzip,deflate
1 > Connection: Keep-Alive
1 > Host: reqres.in
1 > User-Agent: Apache-HttpClient/4.5.12 (Java/1.8.0_251)

19:27:37.218 [ForkJoinPool-1-worker-1] ERROR com.intuit.karate - javax.net.ssl.SSLHandshakeException: Received fatal alert: handshake_failure, http call failed after 48 milliseconds for URL: https://reqres.in/api/users/2
19:27:37.218 [ForkJoinPool-1-worker-1] ERROR com.intuit.karate - http request failed: 
javax.net.ssl.SSLHandshakeException: Received fatal alert: handshake_failure
19:27:37.226 [ForkJoinPool-1-worker-1] INFO  com.intuit.karate - karate.env system property was: dev 
19:27:37.234 [ForkJoinPool-1-worker-1] INFO  com.intuit.karate - [print] {
  "uuid": c9ce6d3d-1fee-4554-882d-38ac834a65f2
}

19:27:37.250 [ForkJoinPool-1-worker-1] DEBUG com.intuit.karate - request:
1 > POST https://reqres.in/api/users
1 > Accept-Encoding: gzip,deflate
1 > Connection: Keep-Alive
1 > Content-Length: 34
1 > Content-Type: application/json; charset=UTF-8
1 > Host: reqres.in
1 > User-Agent: Apache-HttpClient/4.5.12 (Java/1.8.0_251)
{
  "name": "morpheus",
  "job": "leader"
}


19:27:37.282 [ForkJoinPool-1-worker-1] ERROR com.intuit.karate - javax.net.ssl.SSLHandshakeException: Received fatal alert: handshake_failure, http call failed after 32 milliseconds for URL: https://reqres.in/api/users
19:27:37.282 [ForkJoinPool-1-worker-1] ERROR com.intuit.karate - http request failed: 
javax.net.ssl.SSLHandshakeException: Received fatal alert: handshake_failure
19:27:37.290 [ForkJoinPool-1-worker-1] INFO  com.intuit.karate - karate.env system property was: dev 
19:27:37.298 [ForkJoinPool-1-worker-1] INFO  com.intuit.karate - [print] {
  "uuid": c7d7b3a3-b050-4a23-93e2-64d8b97ffd25
}

19:27:37.306 [ForkJoinPool-1-worker-1] DEBUG com.intuit.karate - request:
1 > PUT https://reqres.in/api/users/2
1 > Accept-Encoding: gzip,deflate
1 > Connection: Keep-Alive
1 > Content-Length: 103
1 > Content-Type: text/plain; charset=UTF-8
1 > Host: reqres.in
1 > User-Agent: Apache-HttpClient/4.5.12 (Java/1.8.0_251)
C:\Automation\Karate_BDD\RestAPI_KarateBDD/Resources/RequestAndResponses/Requests/PutRequestSample.json

19:27:37.330 [ForkJoinPool-1-worker-1] ERROR com.intuit.karate - javax.net.ssl.SSLHandshakeException: Received fatal alert: handshake_failure, http call failed after 24 milliseconds for URL: https://reqres.in/api/users/2
19:27:37.338 [ForkJoinPool-1-worker-1] ERROR com.intuit.karate - http request failed: 
javax.net.ssl.SSLHandshakeException: Received fatal alert: handshake_failure
19:27:37.338 [ForkJoinPool-1-worker-1] INFO  com.intuit.karate - karate.env system property was: dev 
19:27:37.346 [ForkJoinPool-1-worker-1] INFO  com.intuit.karate - [print] {
  "uuid": cfed853c-4723-4cc4-9537-4bd4b9b98e13
}

19:27:37.354 [ForkJoinPool-1-worker-1] DEBUG com.intuit.karate - request:
1 > DELETE https://reqres.in/api/users/2
1 > Accept-Encoding: gzip,deflate
1 > Connection: Keep-Alive
1 > Host: reqres.in
1 > User-Agent: Apache-HttpClient/4.5.12 (Java/1.8.0_251)

19:27:37.386 [ForkJoinPool-1-worker-1] ERROR com.intuit.karate - javax.net.ssl.SSLHandshakeException: Received fatal alert: handshake_failure, http call failed after 32 milliseconds for URL: https://reqres.in/api/users/2
19:27:37.386 [ForkJoinPool-1-worker-1] ERROR com.intuit.karate - http request failed: 
javax.net.ssl.SSLHandshakeException: Received fatal alert: handshake_failure
19:27:37.402 [ForkJoinPool-1-worker-1] INFO  com.intuit.karate - karate.env system property was: dev 
19:27:37.410 [ForkJoinPool-1-worker-1] INFO  com.intuit.karate - [print] {
  "uuid": 3e36de9a-9763-4565-8d86-a1ac889295e4
}

19:27:37.418 [ForkJoinPool-1-worker-1] DEBUG com.intuit.karate - request:
1 > PATCH https://reqres.in/api/users/2
1 > Accept-Encoding: gzip,deflate
1 > Connection: Keep-Alive
1 > Content-Length: 103
1 > Content-Type: text/plain; charset=UTF-8
1 > Host: reqres.in
1 > User-Agent: Apache-HttpClient/4.5.12 (Java/1.8.0_251)
C:\Automation\Karate_BDD\RestAPI_KarateBDD/Resources/RequestAndResponses/Requests/PutRequestSample.json

19:27:37.450 [ForkJoinPool-1-worker-1] ERROR com.intuit.karate - javax.net.ssl.SSLHandshakeException: Received fatal alert: handshake_failure, http call failed after 32 milliseconds for URL: https://reqres.in/api/users/2
19:27:37.450 [ForkJoinPool-1-worker-1] ERROR com.intuit.karate - http request failed: 
javax.net.ssl.SSLHandshakeException: Received fatal alert: handshake_failure
19:27:37.474 [pool-1-thread-1] INFO  com.intuit.karate.Runner - <<fail>> feature 1 of 1: classpath:testpackage/testapi.feature
---------------------------------------------------------
feature: classpath:testpackage/testapi.feature
report: target\surefire-reports\testpackage.testapi.json
scenarios:  5 | passed:  0 | failed:  5 | time: 0.2251
---------------------------------------------------------

HTML report: (paste into browser to view) | Karate version: 0.9.6
file:/C:/Automation/Karate_BDD/RestAPI_KarateBDD/target/surefire-reports/karate-summary.html
===================================================================

Karate version: 0.9.6
======================================================
elapsed:   0.42 | threads:    1 | thread time: 0.23 
features:     1 | ignored:    0 | efficiency: 0.54
scenarios:    5 | passed:     0 | failed: 5
======================================================
failed features:
testpackage.testapi: testapi.feature:12 - 
javax.net.ssl.SSLHandshakeException: Received fatal alert: handshake_failure
testapi.feature:27 - 
javax.net.ssl.SSLHandshakeException: Received fatal alert: handshake_failure
testapi.feature:38 - 
javax.net.ssl.SSLHandshakeException: Received fatal alert: handshake_failure
testapi.feature:45 - 
javax.net.ssl.SSLHandshakeException: Received fatal alert: handshake_failure
testapi.feature:53 - 
javax.net.ssl.SSLHandshakeException: Received fatal alert: handshake_failure

]]></system-out>
  </testcase>
</testsuite>