<?xml version="1.0" encoding="UTF-8"?>
<testsuite xmlns:xsi="http://www.w3.org/2001/XMLSchema-instance" xsi:noNamespaceSchemaLocation="https://maven.apache.org/surefire/maven-surefire-plugin/xsd/surefire-test-report.xsd" name="com.examples.ExamplesTest" time="10.326" tests="8" errors="0" skipped="0" failures="1">
  <properties>
    <property name="sun.desktop" value="windows"/>
    <property name="awt.toolkit" value="sun.awt.windows.WToolkit"/>
    <property name="file.encoding.pkg" value="sun.io"/>
    <property name="java.specification.version" value="1.8"/>
    <property name="sun.cpu.isalist" value="amd64"/>
    <property name="sun.jnu.encoding" value="Cp1252"/>
    <property name="java.class.path" value="C:\Automation\Karate_BDD\RestAPI_KarateBDD\target\test-classes;C:\Automation\Karate_BDD\RestAPI_KarateBDD\target\classes;C:\Users\praveen\.m2\repository\com\intuit\karate\karate-apache\0.9.6\karate-apache-0.9.6.jar;C:\Users\praveen\.m2\repository\com\intuit\karate\karate-core\0.9.6\karate-core-0.9.6.jar;C:\Users\praveen\.m2\repository\com\jayway\jsonpath\json-path\2.4.0\json-path-2.4.0.jar;C:\Users\praveen\.m2\repository\net\minidev\json-smart\2.3\json-smart-2.3.jar;C:\Users\praveen\.m2\repository\net\minidev\accessors-smart\1.2\accessors-smart-1.2.jar;C:\Users\praveen\.m2\repository\org\ow2\asm\asm\5.0.4\asm-5.0.4.jar;C:\Users\praveen\.m2\repository\info\cukes\cucumber-java\1.2.5\cucumber-java-1.2.5.jar;C:\Users\praveen\.m2\repository\info\cukes\cucumber-core\1.2.5\cucumber-core-1.2.5.jar;C:\Users\praveen\.m2\repository\org\yaml\snakeyaml\1.24\snakeyaml-1.24.jar;C:\Users\praveen\.m2\repository\de\siegmar\fastcsv\1.0.3\fastcsv-1.0.3.jar;C:\Users\praveen\.m2\repository\info\picocli\picocli\4.0.3\picocli-4.0.3.jar;C:\Users\praveen\.m2\repository\org\apache\httpcomponents\httpclient\4.5.12\httpclient-4.5.12.jar;C:\Users\praveen\.m2\repository\org\apache\httpcomponents\httpcore\4.4.13\httpcore-4.4.13.jar;C:\Users\praveen\.m2\repository\commons-codec\commons-codec\1.11\commons-codec-1.11.jar;C:\Users\praveen\.m2\repository\org\apache\httpcomponents\httpmime\4.5.12\httpmime-4.5.12.jar;C:\Users\praveen\.m2\repository\org\slf4j\jcl-over-slf4j\1.7.25\jcl-over-slf4j-1.7.25.jar;C:\Users\praveen\.m2\repository\org\slf4j\slf4j-api\1.7.25\slf4j-api-1.7.25.jar;C:\Users\praveen\.m2\repository\ch\qos\logback\logback-classic\1.2.3\logback-classic-1.2.3.jar;C:\Users\praveen\.m2\repository\ch\qos\logback\logback-core\1.2.3\logback-core-1.2.3.jar;C:\Users\praveen\.m2\repository\com\intuit\karate\karate-junit5\0.9.6\karate-junit5-0.9.6.jar;C:\Users\praveen\.m2\repository\org\junit\jupiter\junit-jupiter-api\5.5.0\junit-jupiter-api-5.5.0.jar;C:\Users\praveen\.m2\repository\org\opentest4j\opentest4j\1.2.0\opentest4j-1.2.0.jar;C:\Users\praveen\.m2\repository\org\junit\platform\junit-platform-commons\1.5.0\junit-platform-commons-1.5.0.jar;C:\Users\praveen\.m2\repository\com\intuit\karate\karate-gatling\0.9.6\karate-gatling-0.9.6.jar;C:\Users\praveen\.m2\repository\io\gatling\highcharts\gatling-charts-highcharts\3.0.2\gatling-charts-highcharts-3.0.2.jar;C:\Users\praveen\.m2\repository\org\scala-lang\scala-library\2.12.8\scala-library-2.12.8.jar;C:\Users\praveen\.m2\repository\io\gatling\gatling-charts\3.0.2\gatling-charts-3.0.2.jar;C:\Users\praveen\.m2\repository\io\gatling\gatling-core\3.0.2\gatling-core-3.0.2.jar;C:\Users\praveen\.m2\repository\com\typesafe\akka\akka-slf4j_2.12\2.5.19\akka-slf4j_2.12-2.5.19.jar;C:\Users\praveen\.m2\repository\org\simpleflatmapper\lightning-csv\6.0.13\lightning-csv-6.0.13.jar;C:\Users\praveen\.m2\repository\org\simpleflatmapper\sfm-util\6.0.13\sfm-util-6.0.13.jar;C:\Users\praveen\.m2\repository\com\github\ben-manes\caffeine\caffeine\2.6.2\caffeine-2.6.2.jar;C:\Users\praveen\.m2\repository\io\pebbletemplates\pebble\3.0.6\pebble-3.0.6.jar;C:\Users\praveen\.m2\repository\org\unbescape\unbescape\1.1.6.RELEASE\unbescape-1.1.6.RELEASE.jar;C:\Users\praveen\.m2\repository\org\scala-lang\modules\scala-parser-combinators_2.12\1.1.1\scala-parser-combinators_2.12-1.1.1.jar;C:\Users\praveen\.m2\repository\com\github\scopt\scopt_2.12\3.7.1\scopt_2.12-3.7.1.jar;C:\Users\praveen\.m2\repository\io\gatling\jsonpath_2.12\0.6.14\jsonpath_2.12-0.6.14.jar;C:\Users\praveen\.m2\repository\org\jodd\jodd-json\5.0.6\jodd-json-5.0.6.jar;C:\Users\praveen\.m2\repository\org\jodd\jodd-bean\5.0.6\jodd-bean-5.0.6.jar;C:\Users\praveen\.m2\repository\org\jodd\jodd-core\5.0.6\jodd-core-5.0.6.jar;C:\Users\praveen\.m2\repository\net\sf\saxon\Saxon-HE\9.9.0-2\Saxon-HE-9.9.0-2.jar;C:\Users\praveen\.m2\repository\org\jodd\jodd-lagarto\5.0.6\jodd-lagarto-5.0.6.jar;C:\Users\praveen\.m2\repository\org\jodd\jodd-log\5.0.6\jodd-log-5.0.6.jar;C:\Users\praveen\.m2\repository\com\tdunning\t-digest\3.1\t-digest-3.1.jar;C:\Users\praveen\.m2\repository\io\gatling\gatling-app\3.0.2\gatling-app-3.0.2.jar;C:\Users\praveen\.m2\repository\io\gatling\gatling-http\3.0.2\gatling-http-3.0.2.jar;C:\Users\praveen\.m2\repository\org\scala-lang\modules\scala-xml_2.12\1.1.1\scala-xml_2.12-1.1.1.jar;C:\Users\praveen\.m2\repository\io\gatling\gatling-jms\3.0.2\gatling-jms-3.0.2.jar;C:\Users\praveen\.m2\repository\org\apache\geronimo\specs\geronimo-jms_1.1_spec\1.1.1\geronimo-jms_1.1_spec-1.1.1.jar;C:\Users\praveen\.m2\repository\io\gatling\gatling-jdbc\3.0.2\gatling-jdbc-3.0.2.jar;C:\Users\praveen\.m2\repository\io\gatling\gatling-redis\3.0.2\gatling-redis-3.0.2.jar;C:\Users\praveen\.m2\repository\net\debasishg\redisclient_2.12\3.7\redisclient_2.12-3.7.jar;C:\Users\praveen\.m2\repository\commons-pool\commons-pool\1.6\commons-pool-1.6.jar;C:\Users\praveen\.m2\repository\io\gatling\gatling-graphite\3.0.2\gatling-graphite-3.0.2.jar;C:\Users\praveen\.m2\repository\org\hdrhistogram\HdrHistogram\2.1.10\HdrHistogram-2.1.10.jar;C:\Users\praveen\.m2\repository\io\gatling\gatling-recorder\3.0.2\gatling-recorder-3.0.2.jar;C:\Users\praveen\.m2\repository\org\scala-lang\modules\scala-swing_2.12\2.0.3\scala-swing_2.12-2.0.3.jar;C:\Users\praveen\.m2\repository\org\json4s\json4s-jackson_2.12\3.6.2\json4s-jackson_2.12-3.6.2.jar;C:\Users\praveen\.m2\repository\org\json4s\json4s-core_2.12\3.6.2\json4s-core_2.12-3.6.2.jar;C:\Users\praveen\.m2\repository\org\json4s\json4s-ast_2.12\3.6.2\json4s-ast_2.12-3.6.2.jar;C:\Users\praveen\.m2\repository\org\json4s\json4s-scalap_2.12\3.6.2\json4s-scalap_2.12-3.6.2.jar;C:\Users\praveen\.m2\repository\com\thoughtworks\paranamer\paranamer\2.8\paranamer-2.8.jar;C:\Users\praveen\.m2\repository\org\bouncycastle\bcpkix-jdk15on\1.60\bcpkix-jdk15on-1.60.jar;C:\Users\praveen\.m2\repository\org\bouncycastle\bcprov-jdk15on\1.60\bcprov-jdk15on-1.60.jar;C:\Users\praveen\.m2\repository\io\netty\netty-codec-http\4.1.32.Final\netty-codec-http-4.1.32.Final.jar;C:\Users\praveen\.m2\repository\io\netty\netty-codec\4.1.32.Final\netty-codec-4.1.32.Final.jar;C:\Users\praveen\.m2\repository\com\typesafe\akka\akka-actor_2.12\2.5.19\akka-actor_2.12-2.5.19.jar;C:\Users\praveen\.m2\repository\io\gatling\gatling-http-client\3.0.2\gatling-http-client-3.0.2.jar;C:\Users\praveen\.m2\repository\io\gatling\gatling-netty-util\3.0.2\gatling-netty-util-3.0.2.jar;C:\Users\praveen\.m2\repository\io\netty\netty-buffer\4.1.32.Final\netty-buffer-4.1.32.Final.jar;C:\Users\praveen\.m2\repository\io\netty\netty-common\4.1.32.Final\netty-common-4.1.32.Final.jar;C:\Users\praveen\.m2\repository\io\netty\netty-handler\4.1.32.Final\netty-handler-4.1.32.Final.jar;C:\Users\praveen\.m2\repository\io\netty\netty-transport\4.1.32.Final\netty-transport-4.1.32.Final.jar;C:\Users\praveen\.m2\repository\io\netty\netty-handler-proxy\4.1.32.Final\netty-handler-proxy-4.1.32.Final.jar;C:\Users\praveen\.m2\repository\io\netty\netty-codec-socks\4.1.32.Final\netty-codec-socks-4.1.32.Final.jar;C:\Users\praveen\.m2\repository\io\netty\netty-resolver-dns\4.1.32.Final\netty-resolver-dns-4.1.32.Final.jar;C:\Users\praveen\.m2\repository\io\netty\netty-resolver\4.1.32.Final\netty-resolver-4.1.32.Final.jar;C:\Users\praveen\.m2\repository\io\netty\netty-codec-dns\4.1.32.Final\netty-codec-dns-4.1.32.Final.jar;C:\Users\praveen\.m2\repository\io\netty\netty-transport-native-epoll\4.1.32.Final\netty-transport-native-epoll-4.1.32.Final-linux-x86_64.jar;C:\Users\praveen\.m2\repository\io\netty\netty-transport-native-unix-common\4.1.32.Final\netty-transport-native-unix-common-4.1.32.Final.jar;C:\Users\praveen\.m2\repository\io\netty\netty-codec-http2\4.1.32.Final\netty-codec-http2-4.1.32.Final.jar;C:\Users\praveen\.m2\repository\io\netty\netty-tcnative-boringssl-static\2.0.20.Final\netty-tcnative-boringssl-static-2.0.20.Final.jar;C:\Users\praveen\.m2\repository\com\sun\activation\javax.activation\1.2.0\javax.activation-1.2.0.jar;C:\Users\praveen\.m2\repository\com\typesafe\scala-logging\scala-logging_2.12\3.9.0\scala-logging_2.12-3.9.0.jar;C:\Users\praveen\.m2\repository\io\gatling\gatling-commons\3.0.2\gatling-commons-3.0.2.jar;C:\Users\praveen\.m2\repository\org\scala-lang\scala-reflect\2.12.8\scala-reflect-2.12.8.jar;C:\Users\praveen\.m2\repository\com\typesafe\config\1.3.3\config-1.3.3.jar;C:\Users\praveen\.m2\repository\com\dongxiguo\fastring_2.12\1.0.0\fastring_2.12-1.0.0.jar;C:\Users\praveen\.m2\repository\io\suzaku\boopickle_2.12\1.3.0\boopickle_2.12-1.3.0.jar;C:\Users\praveen\.m2\repository\org\typelevel\spire-macros_2.12\0.16.0\spire-macros_2.12-0.16.0.jar;C:\Users\praveen\.m2\repository\com\softwaremill\quicklens\quicklens_2.12\1.4.11\quicklens_2.12-1.4.11.jar;C:\Users\praveen\.m2\repository\org\scala-lang\modules\scala-java8-compat_2.12\0.9.0\scala-java8-compat_2.12-0.9.0.jar;C:\Users\praveen\.m2\repository\com\eatthepath\fast-uuid\0.1\fast-uuid-0.1.jar;C:\Users\praveen\.m2\repository\net\masterthought\cucumber-reporting\3.8.0\cucumber-reporting-3.8.0.jar;C:\Users\praveen\.m2\repository\org\apache\logging\log4j\log4j-api\2.6\log4j-api-2.6.jar;C:\Users\praveen\.m2\repository\org\apache\logging\log4j\log4j-core\2.6\log4j-core-2.6.jar;C:\Users\praveen\.m2\repository\com\fasterxml\jackson\core\jackson-databind\2.8.5\jackson-databind-2.8.5.jar;C:\Users\praveen\.m2\repository\com\fasterxml\jackson\core\jackson-annotations\2.8.0\jackson-annotations-2.8.0.jar;C:\Users\praveen\.m2\repository\com\fasterxml\jackson\core\jackson-core\2.8.5\jackson-core-2.8.5.jar;C:\Users\praveen\.m2\repository\org\apache\velocity\velocity\1.7\velocity-1.7.jar;C:\Users\praveen\.m2\repository\commons-collections\commons-collections\3.2.1\commons-collections-3.2.1.jar;C:\Users\praveen\.m2\repository\commons-lang\commons-lang\2.4\commons-lang-2.4.jar;C:\Users\praveen\.m2\repository\velocity-tools\velocity-tools\1.4\velocity-tools-1.4.jar;C:\Users\praveen\.m2\repository\joda-time\joda-time\2.9.6\joda-time-2.9.6.jar;C:\Users\praveen\.m2\repository\org\apache\commons\commons-lang3\3.5\commons-lang3-3.5.jar;C:\Users\praveen\.m2\repository\commons-io\commons-io\2.5\commons-io-2.5.jar;C:\Users\praveen\.m2\repository\net\lingala\zip4j\zip4j\1.3.2\zip4j-1.3.2.jar;C:\Users\praveen\.m2\repository\org\codehaus\plexus\plexus-utils\3.0.24\plexus-utils-3.0.24.jar;C:\Users\praveen\.m2\repository\org\jsoup\jsoup\1.10.1\jsoup-1.10.1.jar;C:\Users\praveen\.m2\repository\com\googlecode\owasp-java-html-sanitizer\owasp-java-html-sanitizer\20160924.1\owasp-java-html-sanitizer-20160924.1.jar;C:\Users\praveen\.m2\repository\com\google\guava\guava\20.0\guava-20.0.jar;C:\Users\praveen\.m2\repository\org\junit\jupiter\junit-jupiter-engine\5.4.0\junit-jupiter-engine-5.4.0.jar;C:\Users\praveen\.m2\repository\org\apiguardian\apiguardian-api\1.0.0\apiguardian-api-1.0.0.jar;C:\Users\praveen\.m2\repository\org\junit\platform\junit-platform-engine\1.4.0\junit-platform-engine-1.4.0.jar;"/>
    <property name="java.vm.vendor" value="Oracle Corporation"/>
    <property name="sun.arch.data.model" value="64"/>
    <property name="user.variant" value=""/>
    <property name="java.vendor.url" value="http://java.oracle.com/"/>
    <property name="user.timezone" value="Europe/London"/>
    <property name="java.vm.specification.version" value="1.8"/>
    <property name="os.name" value="Windows 10"/>
    <property name="user.country" value="US"/>
    <property name="sun.java.launcher" value="SUN_STANDARD"/>
    <property name="sun.boot.library.path" value="C:\Program Files\Java\jdk1.8.0_251\jre\bin"/>
    <property name="sun.java.command" value="C:\Users\praveen\AppData\Local\Temp\surefire1989578654529679393\surefirebooter3783791550340404139.jar C:\Users\praveen\AppData\Local\Temp\surefire1989578654529679393 2020-11-18T11-34-53_464-jvmRun1 surefire5906773585505062503tmp surefire_01671990222114907887tmp"/>
    <property name="surefire.test.class.path" value="C:\Automation\Karate_BDD\RestAPI_KarateBDD\target\test-classes;C:\Automation\Karate_BDD\RestAPI_KarateBDD\target\classes;C:\Users\praveen\.m2\repository\com\intuit\karate\karate-apache\0.9.6\karate-apache-0.9.6.jar;C:\Users\praveen\.m2\repository\com\intuit\karate\karate-core\0.9.6\karate-core-0.9.6.jar;C:\Users\praveen\.m2\repository\com\jayway\jsonpath\json-path\2.4.0\json-path-2.4.0.jar;C:\Users\praveen\.m2\repository\net\minidev\json-smart\2.3\json-smart-2.3.jar;C:\Users\praveen\.m2\repository\net\minidev\accessors-smart\1.2\accessors-smart-1.2.jar;C:\Users\praveen\.m2\repository\org\ow2\asm\asm\5.0.4\asm-5.0.4.jar;C:\Users\praveen\.m2\repository\info\cukes\cucumber-java\1.2.5\cucumber-java-1.2.5.jar;C:\Users\praveen\.m2\repository\info\cukes\cucumber-core\1.2.5\cucumber-core-1.2.5.jar;C:\Users\praveen\.m2\repository\org\yaml\snakeyaml\1.24\snakeyaml-1.24.jar;C:\Users\praveen\.m2\repository\de\siegmar\fastcsv\1.0.3\fastcsv-1.0.3.jar;C:\Users\praveen\.m2\repository\info\picocli\picocli\4.0.3\picocli-4.0.3.jar;C:\Users\praveen\.m2\repository\org\apache\httpcomponents\httpclient\4.5.12\httpclient-4.5.12.jar;C:\Users\praveen\.m2\repository\org\apache\httpcomponents\httpcore\4.4.13\httpcore-4.4.13.jar;C:\Users\praveen\.m2\repository\commons-codec\commons-codec\1.11\commons-codec-1.11.jar;C:\Users\praveen\.m2\repository\org\apache\httpcomponents\httpmime\4.5.12\httpmime-4.5.12.jar;C:\Users\praveen\.m2\repository\org\slf4j\jcl-over-slf4j\1.7.25\jcl-over-slf4j-1.7.25.jar;C:\Users\praveen\.m2\repository\org\slf4j\slf4j-api\1.7.25\slf4j-api-1.7.25.jar;C:\Users\praveen\.m2\repository\ch\qos\logback\logback-classic\1.2.3\logback-classic-1.2.3.jar;C:\Users\praveen\.m2\repository\ch\qos\logback\logback-core\1.2.3\logback-core-1.2.3.jar;C:\Users\praveen\.m2\repository\com\intuit\karate\karate-junit5\0.9.6\karate-junit5-0.9.6.jar;C:\Users\praveen\.m2\repository\org\junit\jupiter\junit-jupiter-api\5.5.0\junit-jupiter-api-5.5.0.jar;C:\Users\praveen\.m2\repository\org\opentest4j\opentest4j\1.2.0\opentest4j-1.2.0.jar;C:\Users\praveen\.m2\repository\org\junit\platform\junit-platform-commons\1.5.0\junit-platform-commons-1.5.0.jar;C:\Users\praveen\.m2\repository\com\intuit\karate\karate-gatling\0.9.6\karate-gatling-0.9.6.jar;C:\Users\praveen\.m2\repository\io\gatling\highcharts\gatling-charts-highcharts\3.0.2\gatling-charts-highcharts-3.0.2.jar;C:\Users\praveen\.m2\repository\org\scala-lang\scala-library\2.12.8\scala-library-2.12.8.jar;C:\Users\praveen\.m2\repository\io\gatling\gatling-charts\3.0.2\gatling-charts-3.0.2.jar;C:\Users\praveen\.m2\repository\io\gatling\gatling-core\3.0.2\gatling-core-3.0.2.jar;C:\Users\praveen\.m2\repository\com\typesafe\akka\akka-slf4j_2.12\2.5.19\akka-slf4j_2.12-2.5.19.jar;C:\Users\praveen\.m2\repository\org\simpleflatmapper\lightning-csv\6.0.13\lightning-csv-6.0.13.jar;C:\Users\praveen\.m2\repository\org\simpleflatmapper\sfm-util\6.0.13\sfm-util-6.0.13.jar;C:\Users\praveen\.m2\repository\com\github\ben-manes\caffeine\caffeine\2.6.2\caffeine-2.6.2.jar;C:\Users\praveen\.m2\repository\io\pebbletemplates\pebble\3.0.6\pebble-3.0.6.jar;C:\Users\praveen\.m2\repository\org\unbescape\unbescape\1.1.6.RELEASE\unbescape-1.1.6.RELEASE.jar;C:\Users\praveen\.m2\repository\org\scala-lang\modules\scala-parser-combinators_2.12\1.1.1\scala-parser-combinators_2.12-1.1.1.jar;C:\Users\praveen\.m2\repository\com\github\scopt\scopt_2.12\3.7.1\scopt_2.12-3.7.1.jar;C:\Users\praveen\.m2\repository\io\gatling\jsonpath_2.12\0.6.14\jsonpath_2.12-0.6.14.jar;C:\Users\praveen\.m2\repository\org\jodd\jodd-json\5.0.6\jodd-json-5.0.6.jar;C:\Users\praveen\.m2\repository\org\jodd\jodd-bean\5.0.6\jodd-bean-5.0.6.jar;C:\Users\praveen\.m2\repository\org\jodd\jodd-core\5.0.6\jodd-core-5.0.6.jar;C:\Users\praveen\.m2\repository\net\sf\saxon\Saxon-HE\9.9.0-2\Saxon-HE-9.9.0-2.jar;C:\Users\praveen\.m2\repository\org\jodd\jodd-lagarto\5.0.6\jodd-lagarto-5.0.6.jar;C:\Users\praveen\.m2\repository\org\jodd\jodd-log\5.0.6\jodd-log-5.0.6.jar;C:\Users\praveen\.m2\repository\com\tdunning\t-digest\3.1\t-digest-3.1.jar;C:\Users\praveen\.m2\repository\io\gatling\gatling-app\3.0.2\gatling-app-3.0.2.jar;C:\Users\praveen\.m2\repository\io\gatling\gatling-http\3.0.2\gatling-http-3.0.2.jar;C:\Users\praveen\.m2\repository\org\scala-lang\modules\scala-xml_2.12\1.1.1\scala-xml_2.12-1.1.1.jar;C:\Users\praveen\.m2\repository\io\gatling\gatling-jms\3.0.2\gatling-jms-3.0.2.jar;C:\Users\praveen\.m2\repository\org\apache\geronimo\specs\geronimo-jms_1.1_spec\1.1.1\geronimo-jms_1.1_spec-1.1.1.jar;C:\Users\praveen\.m2\repository\io\gatling\gatling-jdbc\3.0.2\gatling-jdbc-3.0.2.jar;C:\Users\praveen\.m2\repository\io\gatling\gatling-redis\3.0.2\gatling-redis-3.0.2.jar;C:\Users\praveen\.m2\repository\net\debasishg\redisclient_2.12\3.7\redisclient_2.12-3.7.jar;C:\Users\praveen\.m2\repository\commons-pool\commons-pool\1.6\commons-pool-1.6.jar;C:\Users\praveen\.m2\repository\io\gatling\gatling-graphite\3.0.2\gatling-graphite-3.0.2.jar;C:\Users\praveen\.m2\repository\org\hdrhistogram\HdrHistogram\2.1.10\HdrHistogram-2.1.10.jar;C:\Users\praveen\.m2\repository\io\gatling\gatling-recorder\3.0.2\gatling-recorder-3.0.2.jar;C:\Users\praveen\.m2\repository\org\scala-lang\modules\scala-swing_2.12\2.0.3\scala-swing_2.12-2.0.3.jar;C:\Users\praveen\.m2\repository\org\json4s\json4s-jackson_2.12\3.6.2\json4s-jackson_2.12-3.6.2.jar;C:\Users\praveen\.m2\repository\org\json4s\json4s-core_2.12\3.6.2\json4s-core_2.12-3.6.2.jar;C:\Users\praveen\.m2\repository\org\json4s\json4s-ast_2.12\3.6.2\json4s-ast_2.12-3.6.2.jar;C:\Users\praveen\.m2\repository\org\json4s\json4s-scalap_2.12\3.6.2\json4s-scalap_2.12-3.6.2.jar;C:\Users\praveen\.m2\repository\com\thoughtworks\paranamer\paranamer\2.8\paranamer-2.8.jar;C:\Users\praveen\.m2\repository\org\bouncycastle\bcpkix-jdk15on\1.60\bcpkix-jdk15on-1.60.jar;C:\Users\praveen\.m2\repository\org\bouncycastle\bcprov-jdk15on\1.60\bcprov-jdk15on-1.60.jar;C:\Users\praveen\.m2\repository\io\netty\netty-codec-http\4.1.32.Final\netty-codec-http-4.1.32.Final.jar;C:\Users\praveen\.m2\repository\io\netty\netty-codec\4.1.32.Final\netty-codec-4.1.32.Final.jar;C:\Users\praveen\.m2\repository\com\typesafe\akka\akka-actor_2.12\2.5.19\akka-actor_2.12-2.5.19.jar;C:\Users\praveen\.m2\repository\io\gatling\gatling-http-client\3.0.2\gatling-http-client-3.0.2.jar;C:\Users\praveen\.m2\repository\io\gatling\gatling-netty-util\3.0.2\gatling-netty-util-3.0.2.jar;C:\Users\praveen\.m2\repository\io\netty\netty-buffer\4.1.32.Final\netty-buffer-4.1.32.Final.jar;C:\Users\praveen\.m2\repository\io\netty\netty-common\4.1.32.Final\netty-common-4.1.32.Final.jar;C:\Users\praveen\.m2\repository\io\netty\netty-handler\4.1.32.Final\netty-handler-4.1.32.Final.jar;C:\Users\praveen\.m2\repository\io\netty\netty-transport\4.1.32.Final\netty-transport-4.1.32.Final.jar;C:\Users\praveen\.m2\repository\io\netty\netty-handler-proxy\4.1.32.Final\netty-handler-proxy-4.1.32.Final.jar;C:\Users\praveen\.m2\repository\io\netty\netty-codec-socks\4.1.32.Final\netty-codec-socks-4.1.32.Final.jar;C:\Users\praveen\.m2\repository\io\netty\netty-resolver-dns\4.1.32.Final\netty-resolver-dns-4.1.32.Final.jar;C:\Users\praveen\.m2\repository\io\netty\netty-resolver\4.1.32.Final\netty-resolver-4.1.32.Final.jar;C:\Users\praveen\.m2\repository\io\netty\netty-codec-dns\4.1.32.Final\netty-codec-dns-4.1.32.Final.jar;C:\Users\praveen\.m2\repository\io\netty\netty-transport-native-epoll\4.1.32.Final\netty-transport-native-epoll-4.1.32.Final-linux-x86_64.jar;C:\Users\praveen\.m2\repository\io\netty\netty-transport-native-unix-common\4.1.32.Final\netty-transport-native-unix-common-4.1.32.Final.jar;C:\Users\praveen\.m2\repository\io\netty\netty-codec-http2\4.1.32.Final\netty-codec-http2-4.1.32.Final.jar;C:\Users\praveen\.m2\repository\io\netty\netty-tcnative-boringssl-static\2.0.20.Final\netty-tcnative-boringssl-static-2.0.20.Final.jar;C:\Users\praveen\.m2\repository\com\sun\activation\javax.activation\1.2.0\javax.activation-1.2.0.jar;C:\Users\praveen\.m2\repository\com\typesafe\scala-logging\scala-logging_2.12\3.9.0\scala-logging_2.12-3.9.0.jar;C:\Users\praveen\.m2\repository\io\gatling\gatling-commons\3.0.2\gatling-commons-3.0.2.jar;C:\Users\praveen\.m2\repository\org\scala-lang\scala-reflect\2.12.8\scala-reflect-2.12.8.jar;C:\Users\praveen\.m2\repository\com\typesafe\config\1.3.3\config-1.3.3.jar;C:\Users\praveen\.m2\repository\com\dongxiguo\fastring_2.12\1.0.0\fastring_2.12-1.0.0.jar;C:\Users\praveen\.m2\repository\io\suzaku\boopickle_2.12\1.3.0\boopickle_2.12-1.3.0.jar;C:\Users\praveen\.m2\repository\org\typelevel\spire-macros_2.12\0.16.0\spire-macros_2.12-0.16.0.jar;C:\Users\praveen\.m2\repository\com\softwaremill\quicklens\quicklens_2.12\1.4.11\quicklens_2.12-1.4.11.jar;C:\Users\praveen\.m2\repository\org\scala-lang\modules\scala-java8-compat_2.12\0.9.0\scala-java8-compat_2.12-0.9.0.jar;C:\Users\praveen\.m2\repository\com\eatthepath\fast-uuid\0.1\fast-uuid-0.1.jar;C:\Users\praveen\.m2\repository\net\masterthought\cucumber-reporting\3.8.0\cucumber-reporting-3.8.0.jar;C:\Users\praveen\.m2\repository\org\apache\logging\log4j\log4j-api\2.6\log4j-api-2.6.jar;C:\Users\praveen\.m2\repository\org\apache\logging\log4j\log4j-core\2.6\log4j-core-2.6.jar;C:\Users\praveen\.m2\repository\com\fasterxml\jackson\core\jackson-databind\2.8.5\jackson-databind-2.8.5.jar;C:\Users\praveen\.m2\repository\com\fasterxml\jackson\core\jackson-annotations\2.8.0\jackson-annotations-2.8.0.jar;C:\Users\praveen\.m2\repository\com\fasterxml\jackson\core\jackson-core\2.8.5\jackson-core-2.8.5.jar;C:\Users\praveen\.m2\repository\org\apache\velocity\velocity\1.7\velocity-1.7.jar;C:\Users\praveen\.m2\repository\commons-collections\commons-collections\3.2.1\commons-collections-3.2.1.jar;C:\Users\praveen\.m2\repository\commons-lang\commons-lang\2.4\commons-lang-2.4.jar;C:\Users\praveen\.m2\repository\velocity-tools\velocity-tools\1.4\velocity-tools-1.4.jar;C:\Users\praveen\.m2\repository\joda-time\joda-time\2.9.6\joda-time-2.9.6.jar;C:\Users\praveen\.m2\repository\org\apache\commons\commons-lang3\3.5\commons-lang3-3.5.jar;C:\Users\praveen\.m2\repository\commons-io\commons-io\2.5\commons-io-2.5.jar;C:\Users\praveen\.m2\repository\net\lingala\zip4j\zip4j\1.3.2\zip4j-1.3.2.jar;C:\Users\praveen\.m2\repository\org\codehaus\plexus\plexus-utils\3.0.24\plexus-utils-3.0.24.jar;C:\Users\praveen\.m2\repository\org\jsoup\jsoup\1.10.1\jsoup-1.10.1.jar;C:\Users\praveen\.m2\repository\com\googlecode\owasp-java-html-sanitizer\owasp-java-html-sanitizer\20160924.1\owasp-java-html-sanitizer-20160924.1.jar;C:\Users\praveen\.m2\repository\com\google\guava\guava\20.0\guava-20.0.jar;C:\Users\praveen\.m2\repository\org\junit\jupiter\junit-jupiter-engine\5.4.0\junit-jupiter-engine-5.4.0.jar;C:\Users\praveen\.m2\repository\org\apiguardian\apiguardian-api\1.0.0\apiguardian-api-1.0.0.jar;C:\Users\praveen\.m2\repository\org\junit\platform\junit-platform-engine\1.4.0\junit-platform-engine-1.4.0.jar;"/>
    <property name="sun.cpu.endian" value="little"/>
    <property name="user.home" value="C:\Users\praveen"/>
    <property name="user.language" value="en"/>
    <property name="java.specification.vendor" value="Oracle Corporation"/>
    <property name="java.home" value="C:\Program Files\Java\jdk1.8.0_251\jre"/>
    <property name="basedir" value="C:\Automation\Karate_BDD\RestAPI_KarateBDD"/>
    <property name="file.separator" value="\"/>
    <property name="line.separator" value="&#10;"/>
    <property name="java.vm.specification.vendor" value="Oracle Corporation"/>
    <property name="java.specification.name" value="Java Platform API Specification"/>
    <property name="java.awt.graphicsenv" value="sun.awt.Win32GraphicsEnvironment"/>
    <property name="surefire.real.class.path" value="C:\Users\praveen\AppData\Local\Temp\surefire1989578654529679393\surefirebooter3783791550340404139.jar"/>
    <property name="sun.boot.class.path" value="C:\Program Files\Java\jdk1.8.0_251\jre\lib\resources.jar;C:\Program Files\Java\jdk1.8.0_251\jre\lib\rt.jar;C:\Program Files\Java\jdk1.8.0_251\jre\lib\sunrsasign.jar;C:\Program Files\Java\jdk1.8.0_251\jre\lib\jsse.jar;C:\Program Files\Java\jdk1.8.0_251\jre\lib\jce.jar;C:\Program Files\Java\jdk1.8.0_251\jre\lib\charsets.jar;C:\Program Files\Java\jdk1.8.0_251\jre\lib\jfr.jar;C:\Program Files\Java\jdk1.8.0_251\jre\classes"/>
    <property name="user.script" value=""/>
    <property name="sun.management.compiler" value="HotSpot 64-Bit Tiered Compilers"/>
    <property name="java.runtime.version" value="1.8.0_251-b08"/>
    <property name="user.name" value="praveen"/>
    <property name="path.separator" value=";"/>
    <property name="os.version" value="10.0"/>
    <property name="java.endorsed.dirs" value="C:\Program Files\Java\jdk1.8.0_251\jre\lib\endorsed"/>
    <property name="java.runtime.name" value="Java(TM) SE Runtime Environment"/>
    <property name="file.encoding" value="UTF-8"/>
    <property name="java.vm.name" value="Java HotSpot(TM) 64-Bit Server VM"/>
    <property name="localRepository" value="C:\Users\praveen\.m2\repository"/>
    <property name="java.vendor.url.bug" value="http://bugreport.sun.com/bugreport/"/>
    <property name="java.io.tmpdir" value="C:\Users\praveen\AppData\Local\Temp\"/>
    <property name="java.version" value="1.8.0_251"/>
    <property name="user.dir" value="C:\Automation\Karate_BDD\RestAPI_KarateBDD"/>
    <property name="os.arch" value="amd64"/>
    <property name="java.vm.specification.name" value="Java Virtual Machine Specification"/>
    <property name="java.awt.printerjob" value="sun.awt.windows.WPrinterJob"/>
    <property name="sun.os.patch.level" value=""/>
    <property name="java.library.path" value="C:\Program Files\Java\jdk1.8.0_251\jre\bin;C:\WINDOWS\Sun\Java\bin;C:\WINDOWS\system32;C:\WINDOWS;C:\Python38\Scripts\;C:\Python38\;C:\Program Files\Python37\Scripts\;C:\Program Files\Python37\;C:\Program Files (x86)\Intel\Intel(R) Management Engine Components\iCLS\;C:\Program Files\Intel\Intel(R) Management Engine Components\iCLS\;C:\WINDOWS\system32;C:\WINDOWS;C:\WINDOWS\System32\Wbem;C:\WINDOWS\System32\WindowsPowerShell\v1.0\;C:\WINDOWS\System32\OpenSSH\;C:\Program Files (x86)\Intel\Intel(R) Management Engine Components\DAL;C:\Program Files\Intel\Intel(R) Management Engine Components\DAL;C:\Program Files (x86)\Intel\Intel(R) Management Engine Components\IPT;C:\Program Files\Intel\Intel(R) Management Engine Components\IPT;C:\Program Files\Java\jdk-11.0.2\bin;C:\Program Files\Git\cmd;C:\Program Files\dotnet\;C:\Program Files\Microsoft SQL Server\130\Tools\Binn\;C:\Program Files\Microsoft VS Code\bin;C:\Maven\bin;C:\Program Files\nodejs\;C:\ProgramData\chocolatey\bin;C:\Program Files\Java\jdk1.8.0_251\bin;C:\Users\praveen\AppData\Local\Microsoft\WindowsApps;C:\Users\praveen\.dotnet\tools;C:\Users\praveen\AppData\Roaming\npm;C:\Users\praveen\.dotnet\tools;C:\Users\praveen\AppData\Local\Microsoft\WindowsApps;;."/>
    <property name="java.vm.info" value="mixed mode"/>
    <property name="java.vendor" value="Oracle Corporation"/>
    <property name="java.vm.version" value="25.251-b08"/>
    <property name="java.ext.dirs" value="C:\Program Files\Java\jdk1.8.0_251\jre\lib\ext;C:\WINDOWS\Sun\Java\lib\ext"/>
    <property name="sun.io.unicode.encoding" value="UnicodeLittle"/>
    <property name="java.class.version" value="52.0"/>
  </properties>
  <testcase name="testAll[1][1]" classname="com.examples.ExamplesTest" time="3.218"/>
  <testcase name="testAll[1][2]" classname="com.examples.ExamplesTest" time="1.203"/>
  <testcase name="testAll[2][1]" classname="com.examples.ExamplesTest" time="1.219"/>
  <testcase name="testAll[2][2]" classname="com.examples.ExamplesTest" time="0.874">
    <failure message="testapi.feature:19 - path: $, actual: {&quot;data&quot;:{&quot;last_name&quot;:&quot;Weaver&quot;,&quot;id&quot;:2,&quot;avatar&quot;:&quot;https:\/\/s3.amazonaws.com\/uifaces\/faces\/twitter\/josephstein\/128.jpg&quot;,&quot;first_name&quot;:&quot;Janet&quot;,&quot;email&quot;:&quot;janet.weaver@reqres.in&quot;},&quot;support&quot;:{&quot;text&quot;:&quot;To keep ReqRes free, contributions towards server costs are appreciated!&quot;,&quot;url&quot;:&quot;https:\/\/reqres.in\/#support-heading&quot;}}, expected: {data={id=2, email=janet.weaver@reqres.in, first_name=Janet, last_name=Weaver, avatar=https://s3.amazonaws.com/uifaces/faces/twitter/josephstein/128.jpg}, ad={company=StatusCode Weekly, url=http://statuscode.org/, text=A weekly newsletter focusing on software development, infrastructure, the server, performance, and the stack end of things.}}, reason: all key-values did not match, expected has un-matched keys: [ad]" type="org.opentest4j.AssertionFailedError">org.opentest4j.AssertionFailedError: testapi.feature:19 - path: $, actual: {"data":{"last_name":"Weaver","id":2,"avatar":"https:\/\/s3.amazonaws.com\/uifaces\/faces\/twitter\/josephstein\/128.jpg","first_name":"Janet","email":"janet.weaver@reqres.in"},"support":{"text":"To keep ReqRes free, contributions towards server costs are appreciated!","url":"https:\/\/reqres.in\/#support-heading"}}, expected: {data={id=2, email=janet.weaver@reqres.in, first_name=Janet, last_name=Weaver, avatar=https://s3.amazonaws.com/uifaces/faces/twitter/josephstein/128.jpg}, ad={company=StatusCode Weekly, url=http://statuscode.org/, text=A weekly newsletter focusing on software development, infrastructure, the server, performance, and the stack end of things.}}, reason: all key-values did not match, expected has un-matched keys: [ad]
</failure>
    <system-out><![CDATA[11:35:01.424 [main] INFO  com.intuit.karate - karate.env system property was :::   
11:35:01.424 [main] INFO  com.intuit.karate - Karate Testing Environment :::  DEV 
11:35:01.439 [main] INFO  com.intuit.karate - [print]
11:35:01.439 [main] DEBUG com.intuit.karate - request:
1 > GET https://reqres.in/api/users/2
1 > Accept-Encoding: gzip,deflate
1 > Connection: Keep-Alive
1 > Host: reqres.in
1 > User-Agent: Apache-HttpClient/4.5.12 (Java/1.8.0_251)

11:35:02.221 [main] DEBUG com.intuit.karate - response time in milliseconds: 786.83
1 < 200
1 < Access-Control-Allow-Origin: *
1 < CF-Cache-Status: DYNAMIC
1 < CF-RAY: 5f4162c04e512c6e-LHR
1 < Connection: keep-alive
1 < Content-Type: application/json; charset=utf-8
1 < Date: Wed, 18 Nov 2020 11:35:02 GMT
1 < Etag: W/"133-LSMNaMLmUUW7mb0QKapIU3FQUI0"
1 < Expect-CT: max-age=604800, report-uri="https://report-uri.cloudflare.com/cdn-cgi/beacon/expect-ct"
1 < NEL: {"report_to":"cf-nel","max_age":604800}
1 < Report-To: {"endpoints":[{"url":"https:\/\/a.nel.cloudflare.com\/report?s=c3KWGMxAfFq8XNFjU%2Bz%2BF9jrBdqTRJ03J3ygU8yIWdH3d4ix3WDqorSKaUSc1OwUUV65beoRYzRkj%2F%2FLRktrkhXZ%2BvWyoKPoDtw%3D"}],"group":"cf-nel","max_age":604800}
1 < Server: cloudflare
1 < Set-Cookie: __cfduid=dc1b7505f4a7d7e45b568f207ec69ba5b1605699302; expires=Fri, 18-Dec-20 11:35:02 GMT; path=/; domain=.reqres.in; HttpOnly; SameSite=Lax; Secure
1 < Transfer-Encoding: chunked
1 < Via: 1.1 vegur
1 < X-Powered-By: Express
1 < cf-request-id: 067cbc0c2a00002c6ee6081000000001
{"data":{"id":2,"email":"janet.weaver@reqres.in","first_name":"Janet","last_name":"Weaver","avatar":"https://s3.amazonaws.com/uifaces/faces/twitter/josephstein/128.jpg"},"support":{"url":"https://reqres.in/#support-heading","text":"To keep ReqRes free, contributions towards server costs are appreciated!"}}

11:35:02.267 [main] ERROR com.intuit.karate - assertion failed: path: $, actual: {"data":{"last_name":"Weaver","id":2,"avatar":"https:\/\/s3.amazonaws.com\/uifaces\/faces\/twitter\/josephstein\/128.jpg","first_name":"Janet","email":"janet.weaver@reqres.in"},"support":{"text":"To keep ReqRes free, contributions towards server costs are appreciated!","url":"https:\/\/reqres.in\/#support-heading"}}, expected: {data={id=2, email=janet.weaver@reqres.in, first_name=Janet, last_name=Weaver, avatar=https://s3.amazonaws.com/uifaces/faces/twitter/josephstein/128.jpg}, ad={company=StatusCode Weekly, url=http://statuscode.org/, text=A weekly newsletter focusing on software development, infrastructure, the server, performance, and the stack end of things.}}, reason: all key-values did not match, expected has un-matched keys: [ad]
]]></system-out>
  </testcase>
  <testcase name="testAll[2][3]" classname="com.examples.ExamplesTest" time="0.75"/>
  <testcase name="testAll[2][4]" classname="com.examples.ExamplesTest" time="0.656"/>
  <testcase name="testAll[2][5]" classname="com.examples.ExamplesTest" time="0.641"/>
  <testcase name="testAll[2][6]" classname="com.examples.ExamplesTest" time="0.875"/>
</testsuite>